#
# A fatal error has been detected by the Java Runtime Environment:
#
#  EXCEPTION_ACCESS_VIOLATION (0xc0000005) at pc=0x6c5a65ee, pid=19108, tid=0x00009f70
#
# JRE version: Java(TM) SE Runtime Environment (8.0_144-b01) (build 1.8.0_144-b01)
# Java VM: Java HotSpot(TM) Client VM (25.144-b01 mixed mode windows-x86 )
# Problematic frame:
# V  [jvm.dll+0xe65ee]
#
# Failed to write core dump. Minidumps are not enabled by default on client versions of Windows
#
# If you would like to submit a bug report, please visit:
#   http://bugreport.java.com/bugreport/crash.jsp
#

---------------  T H R E A D  ---------------

Current thread (0x28243400):  JavaThread "EventThread COM4" [_thread_in_vm, id=40816, stack(0x26e00000,0x26e50000)]

siginfo: ExceptionCode=0xc0000005, reading address 0x00000000

Registers:
EAX=0x00000000, EBX=0x2788c6a8, ECX=0x28243400, EDX=0x0000009f
ESP=0x26e4eefc, EBP=0x26e4ef18, ESI=0x00000000, EDI=0x28243400
EIP=0x6c5a65ee, EFLAGS=0x00010246

Top of Stack: (sp=0x26e4eefc)
0x26e4eefc:   26e4ef34 28243540 2788c6a8 28243400
0x26e4ef0c:   27c1a694 0000009f 6c7a20b8 26e4f2a8
0x26e4ef1c:   6400183d 28243540 00000000 00000000
0x26e4ef2c:   00000325 26e4ef34 0a0d310a 310a0d31
0x26e4ef3c:   0d310a0d 0a0d310a 310a0d31 0d310a0d
0x26e4ef4c:   0a0d310a 310a0d31 0d310a0d 0a0d310a
0x26e4ef5c:   310a0d31 0d310a0d 0a0d310a 310a0d31
0x26e4ef6c:   0d310a0d 0a0d310a 310a0d31 0d310a0d 

Instructions: (pc=0x6c5a65ee)
0x6c5a65ce:   c4 08 83 7f 04 00 89 7d f0 c7 45 f4 00 00 00 00
0x6c5a65de:   74 08 8d 4d f0 e8 28 1c 0c 00 8b 75 10 8b 45 0c
0x6c5a65ee:   8b 10 85 f6 78 32 8b 45 14 85 c0 78 2b 8d 0c 06
0x6c5a65fe:   3b 4a 08 77 23 85 c0 7e 3b 8b 4a 04 8b 49 04 83 


Register to memory mapping:

EAX=0x00000000 is an unknown value
EBX=0x2788c6a8 is an unknown value
ECX=0x28243400 is a thread
EDX=0x0000009f is an unknown value
ESP=0x26e4eefc is pointing into the stack for thread: 0x28243400
EBP=0x26e4ef18 is pointing into the stack for thread: 0x28243400
ESI=0x00000000 is an unknown value
EDI=0x28243400 is a thread


Stack: [0x26e00000,0x26e50000],  sp=0x26e4eefc,  free space=315k
Native frames: (J=compiled Java code, j=interpreted, Vv=VM code, C=native code)
V  [jvm.dll+0xe65ee]
C  [jSSC-2.8_x86.dll+0x183d]
J 5834  jssc.SerialNativeInterface.readBytes(JI)[B (0 bytes) @ 0x026c1ae5 [0x026c1a50+0x95]
J 38246 C1 processing.app.Serial.serialEvent(Ljssc/SerialPortEvent;)V (195 bytes) @ 0x02475bb4 [0x02475a80+0x134]
J 34427 C1 jssc.SerialPort$EventThread.run()V (84 bytes) @ 0x025de8d8 [0x025de770+0x168]
v  ~StubRoutines::call_stub
V  [jvm.dll+0x15af45]
V  [jvm.dll+0x2213ae]
V  [jvm.dll+0x15afde]
V  [jvm.dll+0x15b166]
V  [jvm.dll+0x15b1d7]
V  [jvm.dll+0xff36f]
V  [jvm.dll+0x17dc30]
V  [jvm.dll+0x17e4aa]
V  [jvm.dll+0x1c2ec6]
C  [msvcr100.dll+0x5c556]
C  [msvcr100.dll+0x5c600]
C  [KERNEL32.DLL+0x18494]
C  [ntdll.dll+0x641c8]
C  [ntdll.dll+0x64198]
C  0x00000000

Java frames: (J=compiled Java code, j=interpreted, Vv=VM code)
J 5834  jssc.SerialNativeInterface.readBytes(JI)[B (0 bytes) @ 0x026c1aa1 [0x026c1a50+0x51]
J 38246 C1 processing.app.Serial.serialEvent(Ljssc/SerialPortEvent;)V (195 bytes) @ 0x02475bb4 [0x02475a80+0x134]
J 34427 C1 jssc.SerialPort$EventThread.run()V (84 bytes) @ 0x025de8d8 [0x025de770+0x168]
v  ~StubRoutines::call_stub

---------------  P R O C E S S  ---------------

Java Threads: ( => current thread )
=>0x28243400 JavaThread "EventThread COM4" [_thread_in_vm, id=40816, stack(0x26e00000,0x26e50000)]
  0x28244000 JavaThread "JmDNS(fe80-0-0-0-f52f-3c8-4317-bf14-wlan6.local.).State.Timer" daemon [_thread_blocked, id=33500, stack(0x26c40000,0x26c90000)]
  0x28242000 JavaThread "JmDNS(fe80-0-0-0-f52f-3c8-4317-bf14-wlan6.local.).Timer" daemon [_thread_blocked, id=41324, stack(0x26ab0000,0x26b00000)]
  0x28241800 JavaThread "SocketListener(fe80-0-0-0-f52f-3c8-4317-bf14-wlan6.local.)" daemon [_thread_in_native, id=41396, stack(0x26a20000,0x26a70000)]
  0x28243800 JavaThread "JmDNS(10-236-183-122.local.).State.Timer" daemon [_thread_blocked, id=40888, stack(0x26900000,0x26950000)]
  0x28242c00 JavaThread "JmDNS(10-236-183-122.local.).Timer" daemon [_thread_blocked, id=40872, stack(0x26510000,0x26560000)]
  0x28244c00 JavaThread "SocketListener(10-236-183-122.local.)" daemon [_thread_in_native, id=40880, stack(0x04460000,0x044b0000)]
  0x28247800 JavaThread "DestroyJavaVM" [_thread_blocked, id=23732, stack(0x00d20000,0x00d70000)]
  0x27cef400 JavaThread "TimerQueue" daemon [_thread_blocked, id=19428, stack(0x299a0000,0x299f0000)]
  0x27cee000 JavaThread "Batik CleanerThread" daemon [_thread_blocked, id=22132, stack(0x290e0000,0x29130000)]
  0x27cf0c00 JavaThread "AWT-EventQueue-0" [_thread_blocked, id=11200, stack(0x279c0000,0x27a10000)]
  0x27ceec00 JavaThread "AWT-Shutdown" [_thread_blocked, id=18588, stack(0x00db0000,0x00e00000)]
  0x27cf0800 JavaThread "Timer-0" [_thread_blocked, id=19148, stack(0x28af0000,0x28b40000)]
  0x27cafc00 JavaThread "Multihomed mDNS.Timer" daemon [_thread_blocked, id=18360, stack(0x286f0000,0x28740000)]
  0x27caf000 JavaThread "cc.arduino.packages.discoverers.serial.SerialBoardsLister" [_thread_blocked, id=22848, stack(0x28660000,0x286b0000)]
  0x260b7800 JavaThread "AWT-Windows" daemon [_thread_blocked, id=20540, stack(0x265a0000,0x265f0000)]
  0x260b6400 JavaThread "Java2D Disposer" daemon [_thread_blocked, id=22892, stack(0x26480000,0x264d0000)]
  0x2586a800 JavaThread "Service Thread" daemon [_thread_blocked, id=19736, stack(0x25d40000,0x25d90000)]
  0x25861800 JavaThread "C1 CompilerThread0" daemon [_thread_blocked, id=23948, stack(0x25cb0000,0x25d00000)]
  0x2585fc00 JavaThread "Attach Listener" daemon [_thread_blocked, id=23700, stack(0x25c20000,0x25c70000)]
  0x2585dc00 JavaThread "Signal Dispatcher" daemon [_thread_blocked, id=15372, stack(0x25b90000,0x25be0000)]
  0x2584c000 JavaThread "Finalizer" daemon [_thread_blocked, id=23680, stack(0x24c70000,0x24cc0000)]
  0x25836000 JavaThread "Reference Handler" daemon [_thread_blocked, id=21548, stack(0x24be0000,0x24c30000)]

Other Threads:
  0x25830c00 VMThread [stack: 0x24b50000,0x24ba0000] [id=10828]
  0x2586e000 WatcherThread [stack: 0x25dd0000,0x25e20000] [id=11740]

VM state:synchronizing (normal execution)

VM Mutex/Monitor currently owned by a thread:  ([mutex/lock_event])
[0x002ad850] Threads_lock - owner thread: 0x25830c00
[0x002ade00] Heap_lock - owner thread: 0x27caf000

Heap:
 def new generation   total 157248K, used 157247K [0x04600000, 0x0f0a0000, 0x0f0a0000)
  eden space 139776K,  99% used [0x04600000, 0x0ce7fff8, 0x0ce80000)
  from space 17472K, 100% used [0x0ce80000, 0x0df90000, 0x0df90000)
  to   space 17472K,   0% used [0x0df90000, 0x0df90000, 0x0f0a0000)
 tenured generation   total 349568K, used 349568K [0x0f0a0000, 0x24600000, 0x24600000)
   the space 349568K, 100% used [0x0f0a0000, 0x24600000, 0x24600000, 0x24600000)
 Metaspace       used 20922K, capacity 21429K, committed 21632K, reserved 21888K

Card table byte_map: [0x044e0000,0x045f0000] byte_map_base: 0x044bd000

Polling page: 0x002b0000

CodeCache: size=32768Kb used=3110Kb max_used=4828Kb free=29657Kb
 bounds [0x023a0000, 0x02858000, 0x043a0000]
 total_blobs=1824 nmethods=1536 adapters=213
 compilation: enabled

Compilation events (10 events):
Event: 396583.043 Thread 0x25861800 39102             javax.swing.DefaultBoundedRangeModel::getExtent (5 bytes)
Event: 396583.044 Thread 0x25861800 nmethod 39102 0x02442d88 code [0x02442e80, 0x02442f00]
Event: 396583.080 Thread 0x25861800 39103             java.util.concurrent.locks.AbstractQueuedSynchronizer::apparentlyFirstQueuedIsExclusive (38 bytes)
Event: 396583.080 Thread 0x25861800 nmethod 39103 0x0278de88 code [0x0278df80, 0x0278e070]
Event: 396583.248 Thread 0x25861800 39104   !         javax.swing.JViewport::setViewPosition (359 bytes)
Event: 396583.250 Thread 0x25861800 nmethod 39104 0x025ab148 code [0x025ab3f0, 0x025abe98]
Event: 396583.388 Thread 0x25861800 39105  s          com.sun.java.swing.plaf.windows.TMSchema$State::getValue (64 bytes)
Event: 396583.389 Thread 0x25861800 nmethod 39105 0x02570648 code [0x02570780, 0x02570af8]
Event: 396583.961 Thread 0x25861800 39106             javax.swing.text.GapContent::getPositionsInRange (176 bytes)
Event: 396583.962 Thread 0x25861800 nmethod 39106 0x026edb88 code [0x026edd00, 0x026ee03c]

GC Heap History (10 events):
Event: 396591.326 GC heap before
{Heap before GC invocations=1217 (full 22):
 def new generation   total 157248K, used 157248K [0x04600000, 0x0f0a0000, 0x0f0a0000)
  eden space 139776K, 100% used [0x04600000, 0x0ce80000, 0x0ce80000)
  from space 17472K, 100% used [0x0ce80000, 0x0df90000, 0x0df90000)
  to   space 17472K,   0% used [0x0df90000, 0x0df90000, 0x0f0a0000)
 tenured generation   total 349568K, used 349568K [0x0f0a0000, 0x24600000, 0x24600000)
   the space 349568K, 100% used [0x0f0a0000, 0x24600000, 0x24600000, 0x24600000)
 Metaspace       used 20922K, capacity 21429K, committed 21632K, reserved 21888K
Event: 396591.874 GC heap after
Heap after GC invocations=1218 (full 23):
 def new generation   total 157248K, used 157247K [0x04600000, 0x0f0a0000, 0x0f0a0000)
  eden space 139776K,  99% used [0x04600000, 0x0ce7fff0, 0x0ce80000)
  from space 17472K, 100% used [0x0ce80000, 0x0df90000, 0x0df90000)
  to   space 17472K,   0% used [0x0df90000, 0x0df90000, 0x0f0a0000)
 tenured generation   total 349568K, used 349568K [0x0f0a0000, 0x24600000, 0x24600000)
   the space 349568K, 100% used [0x0f0a0000, 0x24600000, 0x24600000, 0x24600000)
 Metaspace       used 20922K, capacity 21429K, committed 21632K, reserved 21888K
}
Event: 396591.874 GC heap before
{Heap before GC invocations=1218 (full 23):
 def new generation   total 157248K, used 157247K [0x04600000, 0x0f0a0000, 0x0f0a0000)
  eden space 139776K,  99% used [0x04600000, 0x0ce7fff0, 0x0ce80000)
  from space 17472K, 100% used [0x0ce80000, 0x0df90000, 0x0df90000)
  to   space 17472K,   0% used [0x0df90000, 0x0df90000, 0x0f0a0000)
 tenured generation   total 349568K, used 349568K [0x0f0a0000, 0x24600000, 0x24600000)
   the space 349568K, 100% used [0x0f0a0000, 0x24600000, 0x24600000, 0x24600000)
 Metaspace       used 20922K, capacity 21429K, committed 21632K, reserved 21888K
Event: 396592.449 GC heap after
Heap after GC invocations=1219 (full 24):
 def new generation   total 157248K, used 157247K [0x04600000, 0x0f0a0000, 0x0f0a0000)
  eden space 139776K,  99% used [0x04600000, 0x0ce7fff0, 0x0ce80000)
  from space 17472K, 100% used [0x0ce80000, 0x0df90000, 0x0df90000)
  to   space 17472K,   0% used [0x0df90000, 0x0df90000, 0x0f0a0000)
 tenured generation   total 349568K, used 349568K [0x0f0a0000, 0x24600000, 0x24600000)
   the space 349568K, 100% used [0x0f0a0000, 0x24600000, 0x24600000, 0x24600000)
 Metaspace       used 20922K, capacity 21429K, committed 21632K, reserved 21888K
}
Event: 396592.450 GC heap before
{Heap before GC invocations=1219 (full 24):
 def new generation   total 157248K, used 157248K [0x04600000, 0x0f0a0000, 0x0f0a0000)
  eden space 139776K, 100% used [0x04600000, 0x0ce80000, 0x0ce80000)
  from space 17472K, 100% used [0x0ce80000, 0x0df90000, 0x0df90000)
  to   space 17472K,   0% used [0x0df90000, 0x0df90000, 0x0f0a0000)
 tenured generation   total 349568K, used 349568K [0x0f0a0000, 0x24600000, 0x24600000)
   the space 349568K, 100% used [0x0f0a0000, 0x24600000, 0x24600000, 0x24600000)
 Metaspace       used 20922K, capacity 21429K, committed 21632K, reserved 21888K
Event: 396593.006 GC heap after
Heap after GC invocations=1220 (full 25):
 def new generation   total 157248K, used 157247K [0x04600000, 0x0f0a0000, 0x0f0a0000)
  eden space 139776K,  99% used [0x04600000, 0x0ce7ffe8, 0x0ce80000)
  from space 17472K, 100% used [0x0ce80000, 0x0df90000, 0x0df90000)
  to   space 17472K,   0% used [0x0df90000, 0x0df90000, 0x0f0a0000)
 tenured generation   total 349568K, used 349568K [0x0f0a0000, 0x24600000, 0x24600000)
   the space 349568K, 100% used [0x0f0a0000, 0x24600000, 0x24600000, 0x24600000)
 Metaspace       used 20922K, capacity 21429K, committed 21632K, reserved 21888K
}
Event: 396593.006 GC heap before
{Heap before GC invocations=1220 (full 25):
 def new generation   total 157248K, used 157248K [0x04600000, 0x0f0a0000, 0x0f0a0000)
  eden space 139776K, 100% used [0x04600000, 0x0ce80000, 0x0ce80000)
  from space 17472K, 100% used [0x0ce80000, 0x0df90000, 0x0df90000)
  to   space 17472K,   0% used [0x0df90000, 0x0df90000, 0x0f0a0000)
 tenured generation   total 349568K, used 349568K [0x0f0a0000, 0x24600000, 0x24600000)
   the space 349568K, 100% used [0x0f0a0000, 0x24600000, 0x24600000, 0x24600000)
 Metaspace       used 20922K, capacity 21429K, committed 21632K, reserved 21888K
Event: 396593.529 GC heap after
Heap after GC invocations=1221 (full 26):
 def new generation   total 157248K, used 157247K [0x04600000, 0x0f0a0000, 0x0f0a0000)
  eden space 139776K,  99% used [0x04600000, 0x0ce7ffe8, 0x0ce80000)
  from space 17472K, 100% used [0x0ce80000, 0x0df90000, 0x0df90000)
  to   space 17472K,   0% used [0x0df90000, 0x0df90000, 0x0f0a0000)
 tenured generation   total 349568K, used 349568K [0x0f0a0000, 0x24600000, 0x24600000)
   the space 349568K, 100% used [0x0f0a0000, 0x24600000, 0x24600000, 0x24600000)
 Metaspace       used 20922K, capacity 21429K, committed 21632K, reserved 21888K
}
Event: 396593.529 GC heap before
{Heap before GC invocations=1221 (full 26):
 def new generation   total 157248K, used 157247K [0x04600000, 0x0f0a0000, 0x0f0a0000)
  eden space 139776K,  99% used [0x04600000, 0x0ce7ffe8, 0x0ce80000)
  from space 17472K, 100% used [0x0ce80000, 0x0df90000, 0x0df90000)
  to   space 17472K,   0% used [0x0df90000, 0x0df90000, 0x0f0a0000)
 tenured generation   total 349568K, used 349568K [0x0f0a0000, 0x24600000, 0x24600000)
   the space 349568K, 100% used [0x0f0a0000, 0x24600000, 0x24600000, 0x24600000)
 Metaspace       used 20922K, capacity 21429K, committed 21632K, reserved 21888K
Event: 396594.045 GC heap after
Heap after GC invocations=1222 (full 27):
 def new generation   total 157248K, used 157247K [0x04600000, 0x0f0a0000, 0x0f0a0000)
  eden space 139776K,  99% used [0x04600000, 0x0ce7ffe8, 0x0ce80000)
  from space 17472K, 100% used [0x0ce80000, 0x0df90000, 0x0df90000)
  to   space 17472K,   0% used [0x0df90000, 0x0df90000, 0x0f0a0000)
 tenured generation   total 349568K, used 349568K [0x0f0a0000, 0x24600000, 0x24600000)
   the space 349568K, 100% used [0x0f0a0000, 0x24600000, 0x24600000, 0x24600000)
 Metaspace       used 20922K, capacity 21429K, committed 21632K, reserved 21888K
}

Deoptimization events (0 events):
No events

Internal exceptions (10 events):
Event: 396561.793 Thread 0x28243400 Exception <a 'sun/nio/fs/WindowsException'> (0x07348bb0) thrown at [C:\workspace\8-2-build-windows-i586-cygwin\jdk8u144\9417\hotspot\src\share\vm\prims\jni.cpp, line 709]
Event: 396561.793 Thread 0x28243400 Exception <a 'sun/nio/fs/WindowsException'> (0x073492e8) thrown at [C:\workspace\8-2-build-windows-i586-cygwin\jdk8u144\9417\hotspot\src\share\vm\prims\jni.cpp, line 709]
Event: 396561.794 Thread 0x28243400 Exception <a 'sun/nio/fs/WindowsException'> (0x07353a60) thrown at [C:\workspace\8-2-build-windows-i586-cygwin\jdk8u144\9417\hotspot\src\share\vm\prims\jni.cpp, line 709]
Event: 396561.794 Thread 0x28243400 Exception <a 'sun/nio/fs/WindowsException'> (0x073541c0) thrown at [C:\workspace\8-2-build-windows-i586-cygwin\jdk8u144\9417\hotspot\src\share\vm\prims\jni.cpp, line 709]
Event: 396561.796 Thread 0x28243400 Exception <a 'sun/nio/fs/WindowsException'> (0x0735f9e0) thrown at [C:\workspace\8-2-build-windows-i586-cygwin\jdk8u144\9417\hotspot\src\share\vm\prims\jni.cpp, line 709]
Event: 396561.796 Thread 0x28243400 Exception <a 'sun/nio/fs/WindowsException'> (0x07360150) thrown at [C:\workspace\8-2-build-windows-i586-cygwin\jdk8u144\9417\hotspot\src\share\vm\prims\jni.cpp, line 709]
Event: 396589.569 Thread 0x28242c00 Exception <a 'java/lang/OutOfMemoryError'> (0x0f6dc440) thrown at [C:\workspace\8-2-build-windows-i586-cygwin\jdk8u144\9417\hotspot\src\share\vm\gc_interface/collectedHeap.inline.hpp, line 159]
Event: 396591.326 Thread 0x27caf000 Exception <a 'java/lang/OutOfMemoryError'> (0x0f6dc420) thrown at [C:\workspace\8-2-build-windows-i586-cygwin\jdk8u144\9417\hotspot\src\share\vm\gc_interface/collectedHeap.inline.hpp, line 159]
Event: 396592.449 Thread 0x27cef400 Exception <a 'java/lang/OutOfMemoryError'> (0x0f6dc400) thrown at [C:\workspace\8-2-build-windows-i586-cygwin\jdk8u144\9417\hotspot\src\share\vm\gc_interface/collectedHeap.inline.hpp, line 159]
Event: 396594.046 Thread 0x28243400 Exception <a 'java/lang/OutOfMemoryError'> (0x0f6dc3e0) thrown at [C:\workspace\8-2-build-windows-i586-cygwin\jdk8u144\9417\hotspot\src\share\vm\gc_interface/collectedHeap.inline.hpp, line 159]

Events (10 events):
Event: 396590.231 Executing VM operation: GenCollectForAllocation done
Event: 396590.231 Executing VM operation: GenCollectForAllocation
Event: 396591.326 Executing VM operation: GenCollectForAllocation done
Event: 396591.326 Executing VM operation: GenCollectForAllocation
Event: 396592.449 Executing VM operation: GenCollectForAllocation done
Event: 396592.449 Executing VM operation: GenCollectForAllocation
Event: 396593.006 Executing VM operation: GenCollectForAllocation done
Event: 396593.006 Executing VM operation: GenCollectForAllocation
Event: 396594.045 Executing VM operation: GenCollectForAllocation done
Event: 396594.046 Executing VM operation: GenCollectForAllocation


Dynamic libraries:
0x00e50000 - 0x00e83000 	C:\Program Files (x86)\Arduino\java\bin\javaw.exe
0x77ac0000 - 0x77c50000 	C:\WINDOWS\SYSTEM32\ntdll.dll
0x75360000 - 0x75440000 	C:\WINDOWS\System32\KERNEL32.DLL
0x6cb20000 - 0x6cb30000 	C:\Program Files\AVAST Software\Avast\x86\aswhook.dll
0x75b10000 - 0x75cf4000 	C:\WINDOWS\System32\KERNELBASE.dll
0x752e0000 - 0x75358000 	C:\WINDOWS\System32\ADVAPI32.dll
0x759f0000 - 0x75aaf000 	C:\WINDOWS\System32\msvcrt.dll
0x75dc0000 - 0x75e04000 	C:\WINDOWS\System32\sechost.dll
0x776c0000 - 0x77780000 	C:\WINDOWS\System32\RPCRT4.dll
0x74380000 - 0x743a0000 	C:\WINDOWS\System32\SspiCli.dll
0x74370000 - 0x7437a000 	C:\WINDOWS\System32\CRYPTBASE.dll
0x75d00000 - 0x75d58000 	C:\WINDOWS\System32\bcryptPrimitives.dll
0x774f0000 - 0x7767d000 	C:\WINDOWS\System32\USER32.dll
0x75d60000 - 0x75d77000 	C:\WINDOWS\System32\win32u.dll
0x749f0000 - 0x74a12000 	C:\WINDOWS\System32\GDI32.dll
0x77860000 - 0x779c4000 	C:\WINDOWS\System32\gdi32full.dll
0x757c0000 - 0x7583d000 	C:\WINDOWS\System32\msvcp_win.dll
0x75440000 - 0x7555d000 	C:\WINDOWS\System32\ucrtbase.dll
0x689d0000 - 0x68bd4000 	C:\WINDOWS\WinSxS\x86_microsoft.windows.common-controls_6595b64144ccf1df_6.0.17134.648_none_42f2d7c044decfd8\COMCTL32.dll
0x75e20000 - 0x7607c000 	C:\WINDOWS\System32\combase.dll
0x75d80000 - 0x75da6000 	C:\WINDOWS\System32\IMM32.DLL
0x78620000 - 0x786df000 	C:\Program Files (x86)\Arduino\java\bin\msvcr100.dll
0x6c4c0000 - 0x6c88e000 	C:\Program Files (x86)\Arduino\java\bin\client\jvm.dll
0x751b0000 - 0x751b6000 	C:\WINDOWS\System32\PSAPI.DLL
0x68500000 - 0x68508000 	C:\WINDOWS\SYSTEM32\WSOCK32.dll
0x75750000 - 0x757b7000 	C:\WINDOWS\System32\WS2_32.dll
0x6b160000 - 0x6b184000 	C:\WINDOWS\SYSTEM32\WINMM.dll
0x73430000 - 0x73438000 	C:\WINDOWS\SYSTEM32\VERSION.dll
0x6ac30000 - 0x6ac53000 	C:\WINDOWS\SYSTEM32\WINMMBASE.dll
0x77680000 - 0x776b9000 	C:\WINDOWS\System32\cfgmgr32.dll
0x6fa10000 - 0x6fa40000 	C:\Program Files (x86)\Arduino\java\bin\splashscreen.dll
0x6abb0000 - 0x6ac2c000 	C:\WINDOWS\system32\uxtheme.dll
0x6f3f0000 - 0x6f3fc000 	C:\Program Files (x86)\Arduino\java\bin\verify.dll
0x75560000 - 0x756a3000 	C:\WINDOWS\System32\MSCTF.dll
0x74ea0000 - 0x74f36000 	C:\WINDOWS\System32\OLEAUT32.dll
0x6cc50000 - 0x6cc71000 	C:\Program Files (x86)\Arduino\java\bin\java.dll
0x70090000 - 0x700a3000 	C:\Program Files (x86)\Arduino\java\bin\zip.dll
0x756b0000 - 0x756bf000 	C:\WINDOWS\System32\kernel.appcore.dll
0x67e60000 - 0x67edd000 	C:\WINDOWS\System32\TextInputFramework.dll
0x655e0000 - 0x6583d000 	C:\WINDOWS\System32\CoreUIComponents.dll
0x756c0000 - 0x75748000 	C:\WINDOWS\System32\SHCORE.dll
0x65550000 - 0x655db000 	C:\WINDOWS\System32\CoreMessaging.dll
0x73100000 - 0x73129000 	C:\WINDOWS\SYSTEM32\ntmarta.dll
0x68350000 - 0x68426000 	C:\WINDOWS\SYSTEM32\wintypes.dll
0x68f50000 - 0x68f73000 	C:\WINDOWS\system32\dwmapi.dll
0x76080000 - 0x773ca000 	C:\WINDOWS\System32\SHELL32.dll
0x743a0000 - 0x7495a000 	C:\WINDOWS\System32\windows.storage.dll
0x74e50000 - 0x74e95000 	C:\WINDOWS\System32\shlwapi.dll
0x751c0000 - 0x751d8000 	C:\WINDOWS\System32\profapi.dll
0x773d0000 - 0x77415000 	C:\WINDOWS\System32\powrprof.dll
0x75e10000 - 0x75e18000 	C:\WINDOWS\System32\FLTLIB.DLL
0x61940000 - 0x619b2000 	C:\Program Files (x86)\Arduino\lib\listSerialsj.dll
0x74a20000 - 0x74e4b000 	C:\WINDOWS\System32\SETUPAPI.dll
0x00e20000 - 0x00e3d000 	C:\Program Files (x86)\Arduino\lib\jnidispatch-4.2.2-win32-x86.dll
0x751e0000 - 0x752dc000 	C:\WINDOWS\System32\Ole32.dll
0x6ffe0000 - 0x6fff6000 	C:\Program Files (x86)\Arduino\java\bin\net.dll
0x73520000 - 0x73576000 	C:\WINDOWS\system32\mswsock.dll
0x70020000 - 0x7002f000 	C:\Program Files (x86)\Arduino\java\bin\nio.dll
0x6c090000 - 0x6c1d5000 	C:\Program Files (x86)\Arduino\java\bin\awt.dll
0x563d0000 - 0x5646d000 	C:\WINDOWS\SYSTEM32\apphelp.dll
0x6d670000 - 0x6d6a9000 	C:\Program Files (x86)\Arduino\java\bin\fontmanager.dll
0x277a0000 - 0x27879000 	C:\WINDOWS\system32\opengl32.dll
0x50200000 - 0x5023f000 	C:\WINDOWS\SYSTEM32\GLU32.dll
0x6fdc0000 - 0x6fdf2000 	C:\Program Files (x86)\Arduino\java\bin\t2k.dll
0x73cc0000 - 0x73cf0000 	C:\WINDOWS\SYSTEM32\IPHLPAPI.DLL
0x75db0000 - 0x75db7000 	C:\WINDOWS\System32\NSI.dll
0x6e020000 - 0x6e033000 	C:\WINDOWS\SYSTEM32\dhcpcsvc6.DLL
0x6e000000 - 0x6e014000 	C:\WINDOWS\SYSTEM32\dhcpcsvc.DLL
0x6e0a0000 - 0x6e12e000 	C:\WINDOWS\SYSTEM32\DNSAPI.dll
0x6e060000 - 0x6e081000 	C:\Program Files (x86)\Bonjour\mdnsNSP.dll
0x70cc0000 - 0x70cc8000 	C:\Windows\System32\rasadhlp.dll
0x6cb30000 - 0x6cb7f000 	C:\WINDOWS\System32\fwpuclnt.dll
0x734c0000 - 0x734d9000 	C:\WINDOWS\SYSTEM32\bcrypt.dll
0x28ea0000 - 0x28f09000 	C:\Program Files (x86)\Arduino\msvcp100.dll
0x788f0000 - 0x789ae000 	C:\Program Files (x86)\Arduino\msvcr100.dll
0x28f10000 - 0x28f42000 	C:\Program Files (x86)\Arduino\lib\AStylej.dll
0x6d210000 - 0x6d234000 	C:\Program Files (x86)\Arduino\java\bin\dcpr.dll
0x75120000 - 0x751a3000 	C:\WINDOWS\System32\clbcatq.dll
0x65260000 - 0x653d1000 	C:\WINDOWS\SYSTEM32\WindowsCodecs.dll
0x62130000 - 0x6217f000 	C:\WINDOWS\system32\dataexchange.dll
0x61ed0000 - 0x62122000 	C:\WINDOWS\system32\d3d11.dll
0x61d90000 - 0x61ecc000 	C:\WINDOWS\system32\dcomp.dll
0x68430000 - 0x684c8000 	C:\WINDOWS\system32\dxgi.dll
0x61c20000 - 0x61d85000 	C:\WINDOWS\system32\twinapi.appcore.dll
0x67e30000 - 0x67e51000 	C:\WINDOWS\system32\RMCLIENT.dll
0x6f440000 - 0x6f460000 	C:\Program Files (x86)\Arduino\java\bin\sunec.dll
0x701c0000 - 0x701d3000 	C:\WINDOWS\SYSTEM32\CRYPTSP.dll
0x70190000 - 0x701bf000 	C:\WINDOWS\system32\rsaenh.dll
0x73400000 - 0x73421000 	C:\WINDOWS\SYSTEM32\USERENV.dll
0x6f9d0000 - 0x6f9d9000 	C:\Program Files (x86)\Arduino\java\bin\sunmscapi.dll
0x75850000 - 0x759e6000 	C:\WINDOWS\System32\CRYPT32.dll
0x75840000 - 0x7584e000 	C:\WINDOWS\System32\MSASN1.dll
0x726e0000 - 0x72702000 	C:\WINDOWS\SYSTEM32\DEVOBJ.dll
0x750b0000 - 0x750f7000 	C:\WINDOWS\System32\WINTRUST.dll
0x64000000 - 0x6401b000 	C:\Program Files (x86)\Arduino\lib\jSSC-2.8_x86.dll
0x6f200000 - 0x6f28f000 	C:\WINDOWS\WinSxS\x86_microsoft.windows.common-controls_6595b64144ccf1df_5.82.17134.648_none_40ff37d245123ba5\comctl32.dll
0x58930000 - 0x5896d000 	C:\WINDOWS\SYSTEM32\edputil.dll
0x735b0000 - 0x73732000 	C:\WINDOWS\SYSTEM32\dbghelp.dll

VM Arguments:
jvm_args: -Dsun.java2d.d3d=false -Djna.nosys=true -Djna.nounpack=true -Djna.boot.library.name=jnidispatch-4.2.2-win32-x86 -Djna.boot.library.path=C:\Program Files (x86)\Arduino/lib -Djssc.library.path=C:\Program Files (x86)\Arduino/lib -DAPP_DIR=C:\Program Files (x86)\Arduino -Xms128M -Xmx512M 
java_command: processing.app.Base C:\Users\user\Documents\ecole\Uni\S4\Projet\bro-bot\main_open_cr\main_open_cr.ino
java_class_path (initial): C:\Program Files (x86)\Arduino\lib\apple.jar;C:\Program Files (x86)\Arduino\lib\arduino-core.jar;C:\Program Files (x86)\Arduino\lib\batik-1.8.jar;C:\Program Files (x86)\Arduino\lib\batik-anim-1.8.jar;C:\Program Files (x86)\Arduino\lib\batik-awt-util-1.8.jar;C:\Program Files (x86)\Arduino\lib\batik-bridge-1.8.jar;C:\Program Files (x86)\Arduino\lib\batik-codec-1.8.jar;C:\Program Files (x86)\Arduino\lib\batik-css-1.8.jar;C:\Program Files (x86)\Arduino\lib\batik-dom-1.8.jar;C:\Program Files (x86)\Arduino\lib\batik-ext-1.8.jar;C:\Program Files (x86)\Arduino\lib\batik-gvt-1.8.jar;C:\Program Files (x86)\Arduino\lib\batik-parser-1.8.jar;C:\Program Files (x86)\Arduino\lib\batik-rasterizer-1.8.jar;C:\Program Files (x86)\Arduino\lib\batik-script-1.8.jar;C:\Program Files (x86)\Arduino\lib\batik-squiggle-1.8.jar;C:\Program Files (x86)\Arduino\lib\batik-svg-dom-1.8.jar;C:\Program Files (x86)\Arduino\lib\batik-svgpp-1.8.jar;C:\Program Files (x86)\Arduino\lib\batik-transcoder-1.8.jar;C:\Program Files (x86)\Arduino\lib\batik-util-1.8.jar;C:\Program Files (x86)\Arduino\lib\batik-xml-1.8.jar;C:\Program Files (x86)\Arduino\lib\bcpg-jdk15on-152.jar;C:\Program Files (x86)\Arduino\lib\bcprov-jdk15on-152.jar;C:\Program Files (x86)\Arduino\lib\commons-codec-1.7.jar;C:\Program Files (x86)\Arduino\lib\commons-compress-1.8.jar;C:\Program Files (x86)\Arduino\lib\commons-exec-1.1.jar;C:\Program Files (x86)\Arduino\lib\commons-httpclient-3.1.jar;C:\Program Files (x86)\Arduino\lib\commons-lang3-3.3.2.jar;C:\Program Files (x86)\Arduino\lib\commons-logging-1.0.4.jar;C:\Program Files (x86)\Arduino\lib\commons-net-3.3.jar;C:\Program Files (x86)\Arduino\lib\jackson-annotations-2.6.3.jar;C:\Program Files (x86)\Arduino\lib\jackson-core-2.6.3.jar;C:\Program Files (x86)\Arduino\lib\jackson-databind-2.6.3.jar;C:\Program Files (x86)\Arduino\lib\jackson-module-mrbean-2.6.3.jar;C:\Program Files (x86)\Arduino\lib\java-semver-0.8.0.jar;C:\Program Files (x86)\Arduino\lib\jmdns-3.5.1.j
Launcher Type: SUN_STANDARD

Environment Variables:
PATH=C:\Program Files (x86)\NVIDIA Corporation\PhysX\Common;C:\Program Files (x86)\Razer Chroma SDK\bin;C:\Program Files\Razer Chroma SDK\bin;C:\ProgramData\Oracle\Java\javapath;C:\Program Files (x86)\Intel\iCLS Client\;C:\Program Files\Intel\iCLS Client\;C:\Program Files (x86)\Lenovo\FusionEngine;C:\Windows\system32;C:\Windows;C:\Windows\System32\Wbem;C:\Windows\System32\WindowsPowerShell\v1.0\;C:\Program Files (x86)\Common Files\lenovo\easyplussdk\bin;C:\Program Files (x86)\Intel\Intel(R) Management Engine Components\DAL;C:\Program Files\Intel\Intel(R) Management Engine Components\DAL;C:\Program Files (x86)\Intel\Intel(R) Management Engine Components\IPT;C:\Program Files\Intel\Intel(R) Management Engine Components\IPT;C:\Program Files\Intel\WiFi\bin\;C:\Program Files\Common Files\Intel\WirelessCommon\;C:\Program Files (x86)\CineForm\Tools;C:\Program Files (x86)\GoPro\Tools;C:\Program Files (x86)\QuickTime\QTSystem\;C:\WINDOWS\system32;C:\WINDOWS;C:\WINDOWS\System32\Wbem;C:\WINDOWS\System32\WindowsPowerShell\v1.0\;C:\MinGW\bin;C:\Program Files\Microsoft SQL Server\Client SDK\ODBC\110\Tools\Binn\;C:\Program Files (x86)\Microsoft SQL Server\120\Tools\Binn\;C:\Program Files\Microsoft SQL Server\120\Tools\Binn\;C:\Program Files\Microsoft SQL Server\120\DTS\Binn\;C:\Program Files (x86)\Windows Kits\8.1\Windows Performance Toolkit\;C:\Program Files\PuTTY\;C:\PROGRA~2\FANUC\Shared\UTILIT~1;C:\PROGRA~2\FANUC\WinOLPC\bin;C:\Users\user\AppData\Local\Microsoft\WindowsApps;";C:\MinGW\bin\";C:\Program Files\MATLAB\R2018a\bin;C:\Program Files\MATLAB\R2017b\bin;C:\Program Files\dotnet\;C:\Program Files\Microsoft SQL Server\130\Tools\Binn\;C:\WINDOWS\system32;C:\WINDOWS;C:\WINDOWS\System32\Wbem;C:\WINDOWS\System32\WindowsPowerShell\v1.0\;C:\WINDOWS\System32\OpenSSH\;C:\Users\user\AppData\Local\Microsoft\WindowsApps;";C:\MinGW\bin\";;C:\Program Files (x86)\Arduino\java\bin
USERNAME=user
OS=Windows_NT
PROCESSOR_IDENTIFIER=Intel64 Family 6 Model 94 Stepping 3, GenuineIntel



---------------  S Y S T E M  ---------------

OS: Windows 10.0 , 64 bit Build 17134 (10.0.17134.648)

CPU:total 8 (initial active 8) (4 cores per cpu, 2 threads per core) family 6 model 94 stepping 3, cmov, cx8, fxsr, mmx, sse, sse2, sse3, ssse3, sse4.1, sse4.2, popcnt, avx, avx2, aes, clmul, erms, rtm, 3dnowpref, lzcnt, ht, tsc, tscinvbit, bmi1, bmi2, adx

Memory: 4k page, physical 8212256k(1886284k free), swap 18173728k(5948008k free)

vm_info: Java HotSpot(TM) Client VM (25.144-b01) for windows-x86 JRE (1.8.0_144-b01), built on Jul 21 2017 21:58:05 by "java_re" with MS VC++ 10.0 (VS2010)

time: Sun Mar 24 14:27:57 2019
elapsed time: 396594 seconds (4d 14h 9m 54s)

